================================================================================
Deployment started at Sun, 10 Nov 2019 23:23:12 +0000
================================================================================

===> Initializing configuration
---> Processing the configuration options of the deployer class
_symfonyEnvironmentEnvVarName : APP_ENV
binDir                        : bin
cacheDir                      : var/cache
composerInstallFlags          : --no-dev --prefer-dist --no-interaction --quiet
composerOptimizeFlags         : --optimize
configDir                     : config
consoleBinaryPath             : 
controllersToRemove           : []
deployDir                     : /var/www/vhosts/symfony-demo
dumpAsseticAssets             : false
installWebAssets              : true
keepReleases                  : 5
localProjectDir               : C:\Users\ethan\adminpanel
logDir                        : var/log
permissionGroup               : 
permissionMethod              : chmod
permissionMode                : 0777
permissionUser                : 
remoteComposerBinaryPath      : /usr/local/bin/composer
remotePhpBinaryPath           : php
repositoryBranch              : master
repositoryUrl                 : 
resetOpCacheFor               : 
servers                       : user@localhost
sharedDirs                    : ["var/log"]
sharedFiles                   : []
srcDir                        : src
symfonyEnvironment            : prod
templatesDir                  : templates
updateRemoteComposerBinary    : false
useSshAgentForwarding         : true
warmupCache                   : true
webDir                        : public
writableDirs                  : ["var/cache/","var/log/"]
---> Checking technical requirements
[localhost] Executing command: "cd C:\Users\ethan\adminpanel && where git"
| out :: C:\Program Files\Git\cmd\git.exe
[OK] "git" command exists
[localhost] Executing command: "cd C:\Users\ethan\adminpanel && where ssh"
| out :: C:\Windows\System32\OpenSSH\ssh.exe
[OK] "ssh" command exists
[user@localhost] Executing command: "echo 1789135448"
| out :: 1789135448
[OK] The server allows to login via SSH from the local machine
[user@localhost] Executing command: "where /usr/local/bin/composer"
| err :: ERROR: Invalid argument or option - '/usr/local/bin/composer'.
| err :: Type "WHERE /?" for usage help.
